<?xml version="1.0" encoding="UTF-8"?>
<testsuite xmlns:xsi="http://www.w3.org/2001/XMLSchema-instance" xsi:noNamespaceSchemaLocation="https://maven.apache.org/surefire/maven-surefire-plugin/xsd/surefire-test-report.xsd" name="ar.edu.utn.frba.dds.primera_entrega_tests.DevuelveContraseniaSinEspaciosTest" time="0.034" tests="2" errors="0" skipped="0" failures="0">
  <properties>
    <property name="java.specification.version" value="18"/>
    <property name="sun.cpu.isalist" value="amd64"/>
    <property name="sun.jnu.encoding" value="Cp1252"/>
    <property name="java.class.path" value="C:\Users\usuario\Desktop\TP DISEﾃ前\Nueva carpeta\Nueva carpeta\tp-dds\target\test-classes;C:\Users\usuario\Desktop\TP DISEﾃ前\Nueva carpeta\Nueva carpeta\tp-dds\target\classes;C:\Users\usuario\.m2\repository\commons-cli\commons-cli\1.5.0\commons-cli-1.5.0.jar;C:\Users\usuario\.m2\repository\io\github\flbulgarelli\jpa-extras\1.0.0-rc1\jpa-extras-1.0.0-rc1.jar;C:\Users\usuario\.m2\repository\org\hibernate\hibernate-entitymanager\5.6.12.Final\hibernate-entitymanager-5.6.12.Final.jar;C:\Users\usuario\.m2\repository\org\jboss\logging\jboss-logging\3.4.3.Final\jboss-logging-3.4.3.Final.jar;C:\Users\usuario\.m2\repository\org\hibernate\hibernate-core\5.6.12.Final\hibernate-core-5.6.12.Final.jar;C:\Users\usuario\.m2\repository\antlr\antlr\2.7.7\antlr-2.7.7.jar;C:\Users\usuario\.m2\repository\org\jboss\jandex\2.4.2.Final\jandex-2.4.2.Final.jar;C:\Users\usuario\.m2\repository\com\fasterxml\classmate\1.5.1\classmate-1.5.1.jar;C:\Users\usuario\.m2\repository\javax\activation\javax.activation-api\1.2.0\javax.activation-api-1.2.0.jar;C:\Users\usuario\.m2\repository\javax\xml\bind\jaxb-api\2.3.1\jaxb-api-2.3.1.jar;C:\Users\usuario\.m2\repository\org\glassfish\jaxb\jaxb-runtime\2.3.1\jaxb-runtime-2.3.1.jar;C:\Users\usuario\.m2\repository\org\glassfish\jaxb\txw2\2.3.1\txw2-2.3.1.jar;C:\Users\usuario\.m2\repository\com\sun\istack\istack-commons-runtime\3.0.7\istack-commons-runtime-3.0.7.jar;C:\Users\usuario\.m2\repository\org\jvnet\staxex\stax-ex\1.8\stax-ex-1.8.jar;C:\Users\usuario\.m2\repository\com\sun\xml\fastinfoset\FastInfoset\1.2.15\FastInfoset-1.2.15.jar;C:\Users\usuario\.m2\repository\org\hibernate\common\hibernate-commons-annotations\5.1.2.Final\hibernate-commons-annotations-5.1.2.Final.jar;C:\Users\usuario\.m2\repository\javax\persistence\javax.persistence-api\2.2\javax.persistence-api-2.2.jar;C:\Users\usuario\.m2\repository\org\jboss\spec\javax\transaction\jboss-transaction-api_1.2_spec\1.1.1.Final\jboss-transaction-api_1.2_spec-1.1.1.Final.jar;C:\Users\usuario\.m2\repository\mysql\mysql-connector-java\8.0.17\mysql-connector-java-8.0.17.jar;C:\Users\usuario\.m2\repository\com\google\protobuf\protobuf-java\3.6.1\protobuf-java-3.6.1.jar;C:\Users\usuario\.m2\repository\org\hsqldb\hsqldb\2.2.8\hsqldb-2.2.8.jar;C:\Users\usuario\.m2\repository\org\junit\jupiter\junit-jupiter-engine\5.9.2\junit-jupiter-engine-5.9.2.jar;C:\Users\usuario\.m2\repository\org\junit\platform\junit-platform-engine\1.9.2\junit-platform-engine-1.9.2.jar;C:\Users\usuario\.m2\repository\org\opentest4j\opentest4j\1.2.0\opentest4j-1.2.0.jar;C:\Users\usuario\.m2\repository\org\junit\platform\junit-platform-commons\1.9.2\junit-platform-commons-1.9.2.jar;C:\Users\usuario\.m2\repository\org\junit\jupiter\junit-jupiter-api\5.9.2\junit-jupiter-api-5.9.2.jar;C:\Users\usuario\.m2\repository\org\apiguardian\apiguardian-api\1.1.2\apiguardian-api-1.1.2.jar;C:\Users\usuario\.m2\repository\org\mockito\mockito-core\5.2.0\mockito-core-5.2.0.jar;C:\Users\usuario\.m2\repository\net\bytebuddy\byte-buddy\1.14.1\byte-buddy-1.14.1.jar;C:\Users\usuario\.m2\repository\net\bytebuddy\byte-buddy-agent\1.14.1\byte-buddy-agent-1.14.1.jar;C:\Users\usuario\.m2\repository\org\objenesis\objenesis\3.3\objenesis-3.3.jar;C:\Users\usuario\.m2\repository\log4j\log4j\1.2.16\log4j-1.2.16.jar;C:\Users\usuario\.m2\repository\com\squareup\retrofit2\retrofit\2.9.0\retrofit-2.9.0.jar;C:\Users\usuario\.m2\repository\com\squareup\okhttp3\okhttp\3.14.9\okhttp-3.14.9.jar;C:\Users\usuario\.m2\repository\com\squareup\okio\okio\1.17.2\okio-1.17.2.jar;C:\Users\usuario\.m2\repository\com\squareup\retrofit2\converter-gson\2.9.0\converter-gson-2.9.0.jar;C:\Users\usuario\.m2\repository\javax\mail\mail\1.4.7\mail-1.4.7.jar;C:\Users\usuario\.m2\repository\javax\activation\activation\1.1\activation-1.1.jar;C:\Users\usuario\.m2\repository\com\sun\mail\javax.mail\1.6.2\javax.mail-1.6.2.jar;C:\Users\usuario\.m2\repository\com\sparkjava\spark-core\2.2\spark-core-2.2.jar;C:\Users\usuario\.m2\repository\org\slf4j\slf4j-api\1.7.7\slf4j-api-1.7.7.jar;C:\Users\usuario\.m2\repository\org\slf4j\slf4j-simple\1.7.7\slf4j-simple-1.7.7.jar;C:\Users\usuario\.m2\repository\org\eclipse\jetty\jetty-server\9.0.2.v20130417\jetty-server-9.0.2.v20130417.jar;C:\Users\usuario\.m2\repository\org\eclipse\jetty\orbit\javax.servlet\3.0.0.v201112011016\javax.servlet-3.0.0.v201112011016.jar;C:\Users\usuario\.m2\repository\org\eclipse\jetty\jetty-http\9.0.2.v20130417\jetty-http-9.0.2.v20130417.jar;C:\Users\usuario\.m2\repository\org\eclipse\jetty\jetty-util\9.0.2.v20130417\jetty-util-9.0.2.v20130417.jar;C:\Users\usuario\.m2\repository\org\eclipse\jetty\jetty-io\9.0.2.v20130417\jetty-io-9.0.2.v20130417.jar;C:\Users\usuario\.m2\repository\org\eclipse\jetty\jetty-webapp\9.0.2.v20130417\jetty-webapp-9.0.2.v20130417.jar;C:\Users\usuario\.m2\repository\org\eclipse\jetty\jetty-xml\9.0.2.v20130417\jetty-xml-9.0.2.v20130417.jar;C:\Users\usuario\.m2\repository\org\eclipse\jetty\jetty-servlet\9.0.2.v20130417\jetty-servlet-9.0.2.v20130417.jar;C:\Users\usuario\.m2\repository\org\eclipse\jetty\jetty-security\9.0.2.v20130417\jetty-security-9.0.2.v20130417.jar;C:\Users\usuario\.m2\repository\com\sparkjava\spark-template-handlebars\2.7.1\spark-template-handlebars-2.7.1.jar;C:\Users\usuario\.m2\repository\com\github\jknack\handlebars\4.3.1\handlebars-4.3.1.jar;C:\Users\usuario\.m2\repository\com\github\jknack\handlebars-guava-cache\4.3.1\handlebars-guava-cache-4.3.1.jar;C:\Users\usuario\.m2\repository\com\google\guava\guava\31.0.1-jre\guava-31.0.1-jre.jar;C:\Users\usuario\.m2\repository\com\google\guava\failureaccess\1.0.1\failureaccess-1.0.1.jar;C:\Users\usuario\.m2\repository\com\google\guava\listenablefuture\9999.0-empty-to-avoid-conflict-with-guava\listenablefuture-9999.0-empty-to-avoid-conflict-with-guava.jar;C:\Users\usuario\.m2\repository\com\google\code\findbugs\jsr305\3.0.2\jsr305-3.0.2.jar;C:\Users\usuario\.m2\repository\org\checkerframework\checker-qual\3.12.0\checker-qual-3.12.0.jar;C:\Users\usuario\.m2\repository\com\google\errorprone\error_prone_annotations\2.7.1\error_prone_annotations-2.7.1.jar;C:\Users\usuario\.m2\repository\com\google\j2objc\j2objc-annotations\1.3\j2objc-annotations-1.3.jar;C:\Users\usuario\.m2\repository\com\google\code\gson\gson\2.3.1\gson-2.3.1.jar;"/>
    <property name="java.vm.vendor" value="Oracle Corporation"/>
    <property name="sun.arch.data.model" value="64"/>
    <property name="user.variant" value=""/>
    <property name="java.vendor.url" value="https://java.oracle.com/"/>
    <property name="user.timezone" value="America/Buenos_Aires"/>
    <property name="os.name" value="Windows 10"/>
    <property name="java.vm.specification.version" value="18"/>
    <property name="sun.java.launcher" value="SUN_STANDARD"/>
    <property name="user.country" value="AR"/>
    <property name="sun.boot.library.path" value="C:\Program Files\Java\jdk-18\bin"/>
    <property name="sun.java.command" value="C:\Users\usuario\AppData\Local\Temp\surefire13835617624367929521\surefirebooter6889400960601413297.jar C:\Users\usuario\AppData\Local\Temp\surefire13835617624367929521 2023-11-23T20-14-45_061-jvmRun1 surefire17349879102671068533tmp surefire_018394687560370901083tmp"/>
    <property name="jdk.debug" value="release"/>
    <property name="surefire.test.class.path" value="C:\Users\usuario\Desktop\TP DISEﾃ前\Nueva carpeta\Nueva carpeta\tp-dds\target\test-classes;C:\Users\usuario\Desktop\TP DISEﾃ前\Nueva carpeta\Nueva carpeta\tp-dds\target\classes;C:\Users\usuario\.m2\repository\commons-cli\commons-cli\1.5.0\commons-cli-1.5.0.jar;C:\Users\usuario\.m2\repository\io\github\flbulgarelli\jpa-extras\1.0.0-rc1\jpa-extras-1.0.0-rc1.jar;C:\Users\usuario\.m2\repository\org\hibernate\hibernate-entitymanager\5.6.12.Final\hibernate-entitymanager-5.6.12.Final.jar;C:\Users\usuario\.m2\repository\org\jboss\logging\jboss-logging\3.4.3.Final\jboss-logging-3.4.3.Final.jar;C:\Users\usuario\.m2\repository\org\hibernate\hibernate-core\5.6.12.Final\hibernate-core-5.6.12.Final.jar;C:\Users\usuario\.m2\repository\antlr\antlr\2.7.7\antlr-2.7.7.jar;C:\Users\usuario\.m2\repository\org\jboss\jandex\2.4.2.Final\jandex-2.4.2.Final.jar;C:\Users\usuario\.m2\repository\com\fasterxml\classmate\1.5.1\classmate-1.5.1.jar;C:\Users\usuario\.m2\repository\javax\activation\javax.activation-api\1.2.0\javax.activation-api-1.2.0.jar;C:\Users\usuario\.m2\repository\javax\xml\bind\jaxb-api\2.3.1\jaxb-api-2.3.1.jar;C:\Users\usuario\.m2\repository\org\glassfish\jaxb\jaxb-runtime\2.3.1\jaxb-runtime-2.3.1.jar;C:\Users\usuario\.m2\repository\org\glassfish\jaxb\txw2\2.3.1\txw2-2.3.1.jar;C:\Users\usuario\.m2\repository\com\sun\istack\istack-commons-runtime\3.0.7\istack-commons-runtime-3.0.7.jar;C:\Users\usuario\.m2\repository\org\jvnet\staxex\stax-ex\1.8\stax-ex-1.8.jar;C:\Users\usuario\.m2\repository\com\sun\xml\fastinfoset\FastInfoset\1.2.15\FastInfoset-1.2.15.jar;C:\Users\usuario\.m2\repository\org\hibernate\common\hibernate-commons-annotations\5.1.2.Final\hibernate-commons-annotations-5.1.2.Final.jar;C:\Users\usuario\.m2\repository\javax\persistence\javax.persistence-api\2.2\javax.persistence-api-2.2.jar;C:\Users\usuario\.m2\repository\org\jboss\spec\javax\transaction\jboss-transaction-api_1.2_spec\1.1.1.Final\jboss-transaction-api_1.2_spec-1.1.1.Final.jar;C:\Users\usuario\.m2\repository\mysql\mysql-connector-java\8.0.17\mysql-connector-java-8.0.17.jar;C:\Users\usuario\.m2\repository\com\google\protobuf\protobuf-java\3.6.1\protobuf-java-3.6.1.jar;C:\Users\usuario\.m2\repository\org\hsqldb\hsqldb\2.2.8\hsqldb-2.2.8.jar;C:\Users\usuario\.m2\repository\org\junit\jupiter\junit-jupiter-engine\5.9.2\junit-jupiter-engine-5.9.2.jar;C:\Users\usuario\.m2\repository\org\junit\platform\junit-platform-engine\1.9.2\junit-platform-engine-1.9.2.jar;C:\Users\usuario\.m2\repository\org\opentest4j\opentest4j\1.2.0\opentest4j-1.2.0.jar;C:\Users\usuario\.m2\repository\org\junit\platform\junit-platform-commons\1.9.2\junit-platform-commons-1.9.2.jar;C:\Users\usuario\.m2\repository\org\junit\jupiter\junit-jupiter-api\5.9.2\junit-jupiter-api-5.9.2.jar;C:\Users\usuario\.m2\repository\org\apiguardian\apiguardian-api\1.1.2\apiguardian-api-1.1.2.jar;C:\Users\usuario\.m2\repository\org\mockito\mockito-core\5.2.0\mockito-core-5.2.0.jar;C:\Users\usuario\.m2\repository\net\bytebuddy\byte-buddy\1.14.1\byte-buddy-1.14.1.jar;C:\Users\usuario\.m2\repository\net\bytebuddy\byte-buddy-agent\1.14.1\byte-buddy-agent-1.14.1.jar;C:\Users\usuario\.m2\repository\org\objenesis\objenesis\3.3\objenesis-3.3.jar;C:\Users\usuario\.m2\repository\log4j\log4j\1.2.16\log4j-1.2.16.jar;C:\Users\usuario\.m2\repository\com\squareup\retrofit2\retrofit\2.9.0\retrofit-2.9.0.jar;C:\Users\usuario\.m2\repository\com\squareup\okhttp3\okhttp\3.14.9\okhttp-3.14.9.jar;C:\Users\usuario\.m2\repository\com\squareup\okio\okio\1.17.2\okio-1.17.2.jar;C:\Users\usuario\.m2\repository\com\squareup\retrofit2\converter-gson\2.9.0\converter-gson-2.9.0.jar;C:\Users\usuario\.m2\repository\javax\mail\mail\1.4.7\mail-1.4.7.jar;C:\Users\usuario\.m2\repository\javax\activation\activation\1.1\activation-1.1.jar;C:\Users\usuario\.m2\repository\com\sun\mail\javax.mail\1.6.2\javax.mail-1.6.2.jar;C:\Users\usuario\.m2\repository\com\sparkjava\spark-core\2.2\spark-core-2.2.jar;C:\Users\usuario\.m2\repository\org\slf4j\slf4j-api\1.7.7\slf4j-api-1.7.7.jar;C:\Users\usuario\.m2\repository\org\slf4j\slf4j-simple\1.7.7\slf4j-simple-1.7.7.jar;C:\Users\usuario\.m2\repository\org\eclipse\jetty\jetty-server\9.0.2.v20130417\jetty-server-9.0.2.v20130417.jar;C:\Users\usuario\.m2\repository\org\eclipse\jetty\orbit\javax.servlet\3.0.0.v201112011016\javax.servlet-3.0.0.v201112011016.jar;C:\Users\usuario\.m2\repository\org\eclipse\jetty\jetty-http\9.0.2.v20130417\jetty-http-9.0.2.v20130417.jar;C:\Users\usuario\.m2\repository\org\eclipse\jetty\jetty-util\9.0.2.v20130417\jetty-util-9.0.2.v20130417.jar;C:\Users\usuario\.m2\repository\org\eclipse\jetty\jetty-io\9.0.2.v20130417\jetty-io-9.0.2.v20130417.jar;C:\Users\usuario\.m2\repository\org\eclipse\jetty\jetty-webapp\9.0.2.v20130417\jetty-webapp-9.0.2.v20130417.jar;C:\Users\usuario\.m2\repository\org\eclipse\jetty\jetty-xml\9.0.2.v20130417\jetty-xml-9.0.2.v20130417.jar;C:\Users\usuario\.m2\repository\org\eclipse\jetty\jetty-servlet\9.0.2.v20130417\jetty-servlet-9.0.2.v20130417.jar;C:\Users\usuario\.m2\repository\org\eclipse\jetty\jetty-security\9.0.2.v20130417\jetty-security-9.0.2.v20130417.jar;C:\Users\usuario\.m2\repository\com\sparkjava\spark-template-handlebars\2.7.1\spark-template-handlebars-2.7.1.jar;C:\Users\usuario\.m2\repository\com\github\jknack\handlebars\4.3.1\handlebars-4.3.1.jar;C:\Users\usuario\.m2\repository\com\github\jknack\handlebars-guava-cache\4.3.1\handlebars-guava-cache-4.3.1.jar;C:\Users\usuario\.m2\repository\com\google\guava\guava\31.0.1-jre\guava-31.0.1-jre.jar;C:\Users\usuario\.m2\repository\com\google\guava\failureaccess\1.0.1\failureaccess-1.0.1.jar;C:\Users\usuario\.m2\repository\com\google\guava\listenablefuture\9999.0-empty-to-avoid-conflict-with-guava\listenablefuture-9999.0-empty-to-avoid-conflict-with-guava.jar;C:\Users\usuario\.m2\repository\com\google\code\findbugs\jsr305\3.0.2\jsr305-3.0.2.jar;C:\Users\usuario\.m2\repository\org\checkerframework\checker-qual\3.12.0\checker-qual-3.12.0.jar;C:\Users\usuario\.m2\repository\com\google\errorprone\error_prone_annotations\2.7.1\error_prone_annotations-2.7.1.jar;C:\Users\usuario\.m2\repository\com\google\j2objc\j2objc-annotations\1.3\j2objc-annotations-1.3.jar;C:\Users\usuario\.m2\repository\com\google\code\gson\gson\2.3.1\gson-2.3.1.jar;"/>
    <property name="sun.cpu.endian" value="little"/>
    <property name="user.home" value="C:\Users\usuario"/>
    <property name="user.language" value="es"/>
    <property name="java.specification.vendor" value="Oracle Corporation"/>
    <property name="java.version.date" value="2022-03-22"/>
    <property name="java.home" value="C:\Program Files\Java\jdk-18"/>
    <property name="file.separator" value="\"/>
    <property name="basedir" value="C:\Users\usuario\Desktop\TP DISEﾃ前\Nueva carpeta\Nueva carpeta\tp-dds"/>
    <property name="java.vm.compressedOopsMode" value="Zero based"/>
    <property name="line.separator" value="&#10;"/>
    <property name="java.vm.specification.vendor" value="Oracle Corporation"/>
    <property name="java.specification.name" value="Java Platform API Specification"/>
    <property name="surefire.real.class.path" value="C:\Users\usuario\AppData\Local\Temp\surefire13835617624367929521\surefirebooter6889400960601413297.jar"/>
    <property name="user.script" value=""/>
    <property name="sun.management.compiler" value="HotSpot 64-Bit Tiered Compilers"/>
    <property name="java.runtime.version" value="18+36-2087"/>
    <property name="user.name" value="usuario"/>
    <property name="path.separator" value=";"/>
    <property name="os.version" value="10.0"/>
    <property name="java.runtime.name" value="Java(TM) SE Runtime Environment"/>
    <property name="file.encoding" value="UTF-8"/>
    <property name="java.vm.name" value="Java HotSpot(TM) 64-Bit Server VM"/>
    <property name="localRepository" value="C:\Users\usuario\.m2\repository"/>
    <property name="java.vendor.url.bug" value="https://bugreport.java.com/bugreport/"/>
    <property name="java.io.tmpdir" value="C:\Users\usuario\AppData\Local\Temp\"/>
    <property name="idea.version" value="2023.1"/>
    <property name="java.version" value="18"/>
    <property name="user.dir" value="C:\Users\usuario\Desktop\TP DISEﾃ前\Nueva carpeta\Nueva carpeta\tp-dds"/>
    <property name="os.arch" value="amd64"/>
    <property name="java.vm.specification.name" value="Java Virtual Machine Specification"/>
    <property name="sun.os.patch.level" value=""/>
    <property name="native.encoding" value="Cp1252"/>
    <property name="java.library.path" value="C:\Program Files\Java\jdk-18\bin;C:\WINDOWS\Sun\Java\bin;C:\WINDOWS\system32;C:\WINDOWS;C:\Program Files\Common Files\Oracle\Java\javapath;C:\Program Files (x86)\Common Files\Oracle\Java\javapath;C:\Windows\system32;C:\Windows;C:\Windows\System32\Wbem;C:\Windows\System32\WindowsPowerShell\v1.0\;C:\Windows\System32\OpenSSH\;C:\Program Files (x86)\NVIDIA Corporation\PhysX\Common;C:\Program Files\NVIDIA Corporation\NVIDIA NvDLISR;C:\Program Files\apache-maven-3.9.1\bin;C:\Program Files\CodeBlocks\MinGW\bin;C:\GnuWin32\bin;C:\Program Files (x86)\Microsoft SQL Server\160\Tools\Binn\;C:\Program Files\Microsoft SQL Server\160\Tools\Binn\;C:\Program Files\Microsoft SQL Server\Client SDK\ODBC\170\Tools\Binn\;C:\Program Files\Microsoft SQL Server\160\DTS\Binn\;C:\Program Files (x86)\Microsoft SQL Server\160\DTS\Binn\;C:\Program Files\Azure Data Studio\bin;C:\WINDOWS\system32;C:\WINDOWS;C:\WINDOWS\System32\Wbem;C:\WINDOWS\System32\WindowsPowerShell\v1.0\;C:\WINDOWS\System32\OpenSSH\;C:\Program Files\Git\cmd;C:\Program Files\PuTTY\;C:\Users\usuario\AppData\Roaming\local\bin;C:\Users\usuario\AppData\Local\Programs\Python\Python39\Scripts\;C:\Users\usuario\AppData\Local\Programs\Python\Python39\;C:\Users\usuario\AppData\Local\Microsoft\WindowsApps;C:\Users\usuario\Desktop\Facu\C++compiler\bin;C:\Program Files\apache-maven-3.9.1\bin;C:\Users\usuario\AppData\Local\Programs\Microsoft VS Code\bin;c:\users\usuario\documents\ghcup\bin;C:\Program Files\Azure Data Studio\bin;C:\Users\usuario\AppData\Local\Microsoft\WindowsApps;C:\Program Files\heroku\bin;."/>
    <property name="java.vm.info" value="mixed mode, sharing"/>
    <property name="java.vendor" value="Oracle Corporation"/>
    <property name="java.vm.version" value="18+36-2087"/>
    <property name="sun.io.unicode.encoding" value="UnicodeLittle"/>
    <property name="java.class.version" value="62.0"/>
  </properties>
  <testcase name="contraseniaSinEspaciosDevuelveMismoString" classname="ar.edu.utn.frba.dds.primera_entrega_tests.DevuelveContraseniaSinEspaciosTest" time="0.021"/>
  <testcase name="contraseniaConEspaciosDevuelveStringMenor" classname="ar.edu.utn.frba.dds.primera_entrega_tests.DevuelveContraseniaSinEspaciosTest" time="0"/>
</testsuite>